C:\USERS\WINDOWS7\DROPBOX\PROJECTS\MEMORY EDITING STUFF\HALO STUFF\HALOCHATBOX\HALOCHATBOX\RELEASE\MAIN.OBJ
C:\USERS\WINDOWS7\DROPBOX\PROJECTS\MEMORY EDITING STUFF\HALO STUFF\HALOCHATBOX\HALOCHATBOX\RELEASE\INIWRITER.OBJ
C:\USERS\WINDOWS7\DROPBOX\PROJECTS\MEMORY EDITING STUFF\HALO STUFF\HALOCHATBOX\HALOCHATBOX\RELEASE\INIREADER.OBJ
C:\USERS\WINDOWS7\DROPBOX\PROJECTS\MEMORY EDITING STUFF\HALO STUFF\HALOCHATBOX\HALOCHATBOX\RELEASE\D3DHOOK.OBJ
C:\USERS\WINDOWS7\DROPBOX\PROJECTS\MEMORY EDITING STUFF\HALO STUFF\HALOCHATBOX\HALOCHATBOX\RELEASE\VC110.PDB
C:\Users\Windows7\Dropbox\Projects\Memory Editing Stuff\Halo Stuff\HaloChatBox\Release\HaloChatBox.lib
C:\Users\Windows7\Dropbox\Projects\Memory Editing Stuff\Halo Stuff\HaloChatBox\Release\HaloChatBox.exp
C:\USERS\WINDOWS7\DROPBOX\PROJECTS\MEMORY EDITING STUFF\HALO STUFF\HALOCHATBOX\RELEASE\HALOCHATBOX.DLL
C:\USERS\WINDOWS7\DROPBOX\PROJECTS\MEMORY EDITING STUFF\HALO STUFF\HALOCHATBOX\RELEASE\HALOCHATBOX.PDB
C:\Users\Windows7\Dropbox\Projects\Memory Editing Stuff\Halo Stuff\HaloChatBox\HaloChatBox\Release\d3dhook.obj
C:\Users\Windows7\Dropbox\Projects\Memory Editing Stuff\Halo Stuff\HaloChatBox\HaloChatBox\Release\IniReader.obj
C:\Users\Windows7\Dropbox\Projects\Memory Editing Stuff\Halo Stuff\HaloChatBox\HaloChatBox\Release\IniWriter.obj
C:\Users\Windows7\Dropbox\Projects\Memory Editing Stuff\Halo Stuff\HaloChatBox\HaloChatBox\Release\Main.obj
C:\Users\Windows7\Dropbox\Projects\Memory Editing Stuff\Halo Stuff\HaloChatBox\HaloChatBox\Release\cl.command.1.tlog
C:\Users\Windows7\Dropbox\Projects\Memory Editing Stuff\Halo Stuff\HaloChatBox\HaloChatBox\Release\CL.read.1.tlog
C:\Users\Windows7\Dropbox\Projects\Memory Editing Stuff\Halo Stuff\HaloChatBox\HaloChatBox\Release\CL.write.1.tlog
C:\Users\Windows7\Dropbox\Projects\Memory Editing Stuff\Halo Stuff\HaloChatBox\HaloChatBox\Release\HaloChatBox.write.1.tlog
C:\Users\Windows7\Dropbox\Projects\Memory Editing Stuff\Halo Stuff\HaloChatBox\HaloChatBox\Release\link-cvtres.read.1.tlog
C:\Users\Windows7\Dropbox\Projects\Memory Editing Stuff\Halo Stuff\HaloChatBox\HaloChatBox\Release\link-cvtres.write.1.tlog
C:\Users\Windows7\Dropbox\Projects\Memory Editing Stuff\Halo Stuff\HaloChatBox\HaloChatBox\Release\link-rc.read.1.tlog
C:\Users\Windows7\Dropbox\Projects\Memory Editing Stuff\Halo Stuff\HaloChatBox\HaloChatBox\Release\link-rc.write.1.tlog
C:\Users\Windows7\Dropbox\Projects\Memory Editing Stuff\Halo Stuff\HaloChatBox\HaloChatBox\Release\link.command.1.tlog
C:\Users\Windows7\Dropbox\Projects\Memory Editing Stuff\Halo Stuff\HaloChatBox\HaloChatBox\Release\link.read.1.tlog
C:\Users\Windows7\Dropbox\Projects\Memory Editing Stuff\Halo Stuff\HaloChatBox\HaloChatBox\Release\link.write.1.tlog
C:\Users\Windows7\Dropbox\Projects\Memory Editing Stuff\Halo Stuff\HaloChatBox\HaloChatBox\Release\vc110.pdb
C:\Users\Windows7\Dropbox\Projects\Memory Editing Stuff\Halo Stuff\HaloChatBox\Release\HaloChatBox.pdb
