C:\USERS\WINDOWS7\DROPBOX\PROJECTS\MEMORY EDITING STUFF\HALO STUFF\HALOCHATBOX\HALOCHATBOX\DEBUG\D3DHOOK.OBJ
C:\USERS\WINDOWS7\DROPBOX\PROJECTS\MEMORY EDITING STUFF\HALO STUFF\HALOCHATBOX\HALOCHATBOX\DEBUG\INIREADER.OBJ
C:\USERS\WINDOWS7\DROPBOX\PROJECTS\MEMORY EDITING STUFF\HALO STUFF\HALOCHATBOX\HALOCHATBOX\DEBUG\INIWRITER.OBJ
C:\USERS\WINDOWS7\DROPBOX\PROJECTS\MEMORY EDITING STUFF\HALO STUFF\HALOCHATBOX\HALOCHATBOX\DEBUG\MAIN.OBJ
C:\USERS\WINDOWS7\DROPBOX\PROJECTS\MEMORY EDITING STUFF\HALO STUFF\HALOCHATBOX\HALOCHATBOX\DEBUG\VC110.PDB
C:\Games\Halo\CONTROLS\HaloChatBox.lib
C:\Games\Halo\CONTROLS\HaloChatBox.exp
C:\GAMES\HALO\CONTROLS\HALOCHATBOX.DLL
C:\GAMES\HALO\CONTROLS\HALOCHATBOX.PDB
C:\Users\Windows7\Dropbox\Projects\Memory Editing Stuff\Halo Stuff\HaloChatBox\HaloChatBox\Debug\d3dhook.obj
C:\Users\Windows7\Dropbox\Projects\Memory Editing Stuff\Halo Stuff\HaloChatBox\HaloChatBox\Debug\IniReader.obj
C:\Users\Windows7\Dropbox\Projects\Memory Editing Stuff\Halo Stuff\HaloChatBox\HaloChatBox\Debug\IniWriter.obj
C:\Users\Windows7\Dropbox\Projects\Memory Editing Stuff\Halo Stuff\HaloChatBox\HaloChatBox\Debug\Main.obj
C:\Users\Windows7\Dropbox\Projects\Memory Editing Stuff\Halo Stuff\HaloChatBox\HaloChatBox\Debug\cl.command.1.tlog
C:\Users\Windows7\Dropbox\Projects\Memory Editing Stuff\Halo Stuff\HaloChatBox\HaloChatBox\Debug\CL.read.1.tlog
C:\Users\Windows7\Dropbox\Projects\Memory Editing Stuff\Halo Stuff\HaloChatBox\HaloChatBox\Debug\CL.write.1.tlog
C:\Users\Windows7\Dropbox\Projects\Memory Editing Stuff\Halo Stuff\HaloChatBox\HaloChatBox\Debug\HaloChatBox.write.1.tlog
C:\Users\Windows7\Dropbox\Projects\Memory Editing Stuff\Halo Stuff\HaloChatBox\HaloChatBox\Debug\link-cvtres.read.1.tlog
C:\Users\Windows7\Dropbox\Projects\Memory Editing Stuff\Halo Stuff\HaloChatBox\HaloChatBox\Debug\link-cvtres.write.1.tlog
C:\Users\Windows7\Dropbox\Projects\Memory Editing Stuff\Halo Stuff\HaloChatBox\HaloChatBox\Debug\link-rc.read.1.tlog
C:\Users\Windows7\Dropbox\Projects\Memory Editing Stuff\Halo Stuff\HaloChatBox\HaloChatBox\Debug\link-rc.write.1.tlog
C:\Users\Windows7\Dropbox\Projects\Memory Editing Stuff\Halo Stuff\HaloChatBox\HaloChatBox\Debug\link.command.1.tlog
C:\Users\Windows7\Dropbox\Projects\Memory Editing Stuff\Halo Stuff\HaloChatBox\HaloChatBox\Debug\link.read.1.tlog
C:\Users\Windows7\Dropbox\Projects\Memory Editing Stuff\Halo Stuff\HaloChatBox\HaloChatBox\Debug\link.write.1.tlog
C:\Users\Windows7\Dropbox\Projects\Memory Editing Stuff\Halo Stuff\HaloChatBox\HaloChatBox\Debug\vc110.idb
C:\Users\Windows7\Dropbox\Projects\Memory Editing Stuff\Halo Stuff\HaloChatBox\HaloChatBox\Debug\vc110.pdb
C:\Users\Windows7\Dropbox\Projects\Memory Editing Stuff\Halo Stuff\HaloChatBox\HaloChatBox\..\..\..\..\..\..\..\..\Games\Halo\CONTROLS\HaloChatBox.dll
